I, [2015-05-05T09:04:20.655153 #8088]  INFO -- AddDSCLogging-Windows2012R2: -----> Cleaning up any prior instances of <AddDSCLogging-Windows2012R2>
I, [2015-05-05T09:04:20.655153 #8088]  INFO -- AddDSCLogging-Windows2012R2: -----> Destroying <AddDSCLogging-Windows2012R2>...
I, [2015-05-05T09:04:20.655153 #8088]  INFO -- AddDSCLogging-Windows2012R2: Finished destroying <AddDSCLogging-Windows2012R2> (0m0.00s).
I, [2015-05-05T09:04:20.655153 #8088]  INFO -- AddDSCLogging-Windows2012R2: -----> Testing <AddDSCLogging-Windows2012R2>
I, [2015-05-05T09:04:20.655153 #8088]  INFO -- AddDSCLogging-Windows2012R2: -----> Creating <AddDSCLogging-Windows2012R2>...
I, [2015-05-05T09:04:22.828785 #8088]  INFO -- AddDSCLogging-Windows2012R2: Bringing machine 'default' up with 'virtualbox' provider...
I, [2015-05-05T09:04:24.093038 #8088]  INFO -- AddDSCLogging-Windows2012R2: ==> default: Importing base box 'Windows2012R2'...
I, [2015-05-05T09:05:33.705958 #8088]  INFO -- AddDSCLogging-Windows2012R2: [KProgress: 10%[KProgress: 20%[KProgress: 30%[KProgress: 40%[KProgress: 50%[KProgress: 90%[K==> default: Matching MAC address for NAT networking...
I, [2015-05-05T09:05:34.860188 #8088]  INFO -- AddDSCLogging-Windows2012R2: ==> default: Setting the name of the VM: kitchen-test-repo-AddDSCLogging-Windows2012R2_default_1430831134825_58159
I, [2015-05-05T09:05:38.853987 #8088]  INFO -- AddDSCLogging-Windows2012R2: ==> default: Clearing any previously set network interfaces...
I, [2015-05-05T09:05:38.936003 #8088]  INFO -- AddDSCLogging-Windows2012R2: ==> default: Preparing network interfaces based on configuration...
I, [2015-05-05T09:05:38.936003 #8088]  INFO -- AddDSCLogging-Windows2012R2:     default: Adapter 1: nat
I, [2015-05-05T09:05:39.018020 #8088]  INFO -- AddDSCLogging-Windows2012R2: ==> default: Forwarding ports...
I, [2015-05-05T09:05:39.138044 #8088]  INFO -- AddDSCLogging-Windows2012R2:     default: 5985 => 55985 (adapter 1)
I, [2015-05-05T09:05:39.138044 #8088]  INFO -- AddDSCLogging-Windows2012R2:     default: 22 => 2222 (adapter 1)
I, [2015-05-05T09:05:39.379092 #8088]  INFO -- AddDSCLogging-Windows2012R2: ==> default: Booting VM...
I, [2015-05-05T09:05:53.577431 #8088]  INFO -- AddDSCLogging-Windows2012R2: ==> default: Waiting for machine to boot. This may take a few minutes...
I, [2015-05-05T09:06:16.596034 #8088]  INFO -- AddDSCLogging-Windows2012R2: ==> default: Machine booted and ready!
I, [2015-05-05T09:06:16.596534 #8088]  INFO -- AddDSCLogging-Windows2012R2: ==> default: Checking for guest additions in VM...
I, [2015-05-05T09:06:16.779571 #8088]  INFO -- AddDSCLogging-Windows2012R2: ==> default: Machine not provisioning because `--no-provision` is specified.
I, [2015-05-05T09:06:26.415497 #8088]  INFO -- AddDSCLogging-Windows2012R2: [WinRM] Established
I, [2015-05-05T09:06:26.436502 #8088]  INFO -- AddDSCLogging-Windows2012R2: Vagrant instance <AddDSCLogging-Windows2012R2> created.
I, [2015-05-05T09:06:26.442503 #8088]  INFO -- AddDSCLogging-Windows2012R2: Finished creating <AddDSCLogging-Windows2012R2> (2m5.78s).
I, [2015-05-05T09:06:26.443503 #8088]  INFO -- AddDSCLogging-Windows2012R2: -----> Converging <AddDSCLogging-Windows2012R2>...
I, [2015-05-05T09:06:26.448504 #8088]  INFO -- AddDSCLogging-Windows2012R2: Preparing files for transfer
I, [2015-05-05T09:06:26.449004 #8088]  INFO -- AddDSCLogging-Windows2012R2: Staging DSC Resource Modules for copy to the SUT
I, [2015-05-05T09:06:27.571729 #8088]  INFO -- AddDSCLogging-Windows2012R2: Staging DSC configuration script for copy to the SUT
I, [2015-05-05T09:06:29.822179 #8088]  INFO -- AddDSCLogging-Windows2012R2: 
I, [2015-05-05T09:06:29.822679 #8088]  INFO -- AddDSCLogging-Windows2012R2: 
I, [2015-05-05T09:06:29.823179 #8088]  INFO -- AddDSCLogging-Windows2012R2:     Directory: C:\Users\Administrator\SetupLCM
I, [2015-05-05T09:06:29.823179 #8088]  INFO -- AddDSCLogging-Windows2012R2: 
I, [2015-05-05T09:06:29.823179 #8088]  INFO -- AddDSCLogging-Windows2012R2: 
I, [2015-05-05T09:06:29.823179 #8088]  INFO -- AddDSCLogging-Windows2012R2: Mode                LastWriteTime     Length Name                              
I, [2015-05-05T09:06:29.823179 #8088]  INFO -- AddDSCLogging-Windows2012R2: ----                -------------     ------ ----                              
I, [2015-05-05T09:06:29.823179 #8088]  INFO -- AddDSCLogging-Windows2012R2: -a---          5/5/2015   6:06 AM       1200 localhost.meta.mof                
I, [2015-05-05T09:06:29.828180 #8088]  INFO -- AddDSCLogging-Windows2012R2: 
I, [2015-05-05T09:06:29.835181 #8088]  INFO -- AddDSCLogging-Windows2012R2: 
I, [2015-05-05T09:06:29.867688 #8088]  INFO -- AddDSCLogging-Windows2012R2: Transferring files to <AddDSCLogging-Windows2012R2>
I, [2015-05-05T09:06:41.384491 #8088]  INFO -- AddDSCLogging-Windows2012R2: Moving DSC Resources onto PSModulePath
I, [2015-05-05T09:06:41.385491 #8088]  INFO -- AddDSCLogging-Windows2012R2: Generating the MOF script for the configuration AddDSCLogging
I, [2015-05-05T09:06:43.521418 #8088]  INFO -- AddDSCLogging-Windows2012R2: Running the configuration AddDSCLogging
I, [2015-05-05T09:06:49.366587 #8088]  INFO -- AddDSCLogging-Windows2012R2: 
I, [2015-05-05T09:06:49.367087 #8088]  INFO -- AddDSCLogging-Windows2012R2: Id     Name            PSJobTypeName   State         HasMoreData     Location  
I, [2015-05-05T09:06:49.367587 #8088]  INFO -- AddDSCLogging-Windows2012R2: --     ----            -------------   -----         -----------     --------  
I, [2015-05-05T09:06:49.367587 #8088]  INFO -- AddDSCLogging-Windows2012R2: 1      Job1            Configuratio... Completed     True            localhost 
I, [2015-05-05T09:06:49.372088 #8088]  INFO -- AddDSCLogging-Windows2012R2: Perform operation 'Invoke CimMethod' with following parameters, ''methodName' 
I, [2015-05-05T09:06:49.372588 #8088]  INFO -- AddDSCLogging-Windows2012R2: = SendConfigurationApply,'className' = 
I, [2015-05-05T09:06:49.372588 #8088]  INFO -- AddDSCLogging-Windows2012R2: MSFT_DSCLocalConfigurationManager,'namespaceName' = 
I, [2015-05-05T09:06:49.372588 #8088]  INFO -- AddDSCLogging-Windows2012R2: root/Microsoft/Windows/DesiredStateConfiguration'.
I, [2015-05-05T09:06:49.372588 #8088]  INFO -- AddDSCLogging-Windows2012R2: An LCM method call arrived from computer WIN-F0UG7RJMPJA with user sid 
I, [2015-05-05T09:06:49.372588 #8088]  INFO -- AddDSCLogging-Windows2012R2: S-1-5-21-1351542086-3498749049-2604355835-500.
I, [2015-05-05T09:06:49.372588 #8088]  INFO -- AddDSCLogging-Windows2012R2: [WIN-F0UG7RJMPJA]: LCM:  [ Start  Set      ]
I, [2015-05-05T09:06:49.373088 #8088]  INFO -- AddDSCLogging-Windows2012R2: [WIN-F0UG7RJMPJA]: LCM:  [ Start  Resource ]  [[xWinEventLog]DSCLogs]
I, [2015-05-05T09:06:49.373088 #8088]  INFO -- AddDSCLogging-Windows2012R2: [WIN-F0UG7RJMPJA]: LCM:  [ Start  Test     ]  [[xWinEventLog]DSCLogs]
I, [2015-05-05T09:06:49.373088 #8088]  INFO -- AddDSCLogging-Windows2012R2: [WIN-F0UG7RJMPJA]: LCM:  [ End    Test     ]  [[xWinEventLog]DSCLogs]  in 
I, [2015-05-05T09:06:49.373088 #8088]  INFO -- AddDSCLogging-Windows2012R2: 4.5930 seconds.
I, [2015-05-05T09:06:49.373088 #8088]  INFO -- AddDSCLogging-Windows2012R2: [WIN-F0UG7RJMPJA]: LCM:  [ Start  Set      ]  [[xWinEventLog]DSCLogs]
I, [2015-05-05T09:06:49.373088 #8088]  INFO -- AddDSCLogging-Windows2012R2: [WIN-F0UG7RJMPJA]: LCM:  [ End    Set      ]  [[xWinEventLog]DSCLogs]  in 
I, [2015-05-05T09:06:49.373088 #8088]  INFO -- AddDSCLogging-Windows2012R2: 0.1100 seconds.
I, [2015-05-05T09:06:49.373088 #8088]  INFO -- AddDSCLogging-Windows2012R2: [WIN-F0UG7RJMPJA]: LCM:  [ End    Resource ]  [[xWinEventLog]DSCLogs]
I, [2015-05-05T09:06:49.373588 #8088]  INFO -- AddDSCLogging-Windows2012R2: [WIN-F0UG7RJMPJA]: LCM:  [ Start  Resource ]  [[xWinEventLog]DSCOperational]
I, [2015-05-05T09:06:49.373588 #8088]  INFO -- AddDSCLogging-Windows2012R2: [WIN-F0UG7RJMPJA]: LCM:  [ Start  Test     ]  [[xWinEventLog]DSCOperational]
I, [2015-05-05T09:06:49.373588 #8088]  INFO -- AddDSCLogging-Windows2012R2: [WIN-F0UG7RJMPJA]: LCM:  [ End    Test     ]  [[xWinEventLog]DSCOperational]  
I, [2015-05-05T09:06:49.373588 #8088]  INFO -- AddDSCLogging-Windows2012R2: in 0.0160 seconds.
I, [2015-05-05T09:06:49.373588 #8088]  INFO -- AddDSCLogging-Windows2012R2: [WIN-F0UG7RJMPJA]: LCM:  [ Start  Set      ]  [[xWinEventLog]DSCOperational]
I, [2015-05-05T09:06:49.373588 #8088]  INFO -- AddDSCLogging-Windows2012R2: [WIN-F0UG7RJMPJA]: LCM:  [ End    Set      ]  [[xWinEventLog]DSCOperational]  
I, [2015-05-05T09:06:49.373588 #8088]  INFO -- AddDSCLogging-Windows2012R2: in 0.0310 seconds.
I, [2015-05-05T09:06:49.374088 #8088]  INFO -- AddDSCLogging-Windows2012R2: [WIN-F0UG7RJMPJA]: LCM:  [ End    Resource ]  [[xWinEventLog]DSCOperational]
I, [2015-05-05T09:06:49.374088 #8088]  INFO -- AddDSCLogging-Windows2012R2: [WIN-F0UG7RJMPJA]: LCM:  [ End    Set      ]
I, [2015-05-05T09:06:49.374088 #8088]  INFO -- AddDSCLogging-Windows2012R2: [WIN-F0UG7RJMPJA]: LCM:  [ End    Set      ]    in  5.1560 seconds.
I, [2015-05-05T09:06:49.374088 #8088]  INFO -- AddDSCLogging-Windows2012R2: Operation 'Invoke CimMethod' complete.
I, [2015-05-05T09:06:49.374088 #8088]  INFO -- AddDSCLogging-Windows2012R2: 
I, [2015-05-05T09:06:49.374088 #8088]  INFO -- AddDSCLogging-Windows2012R2: 
I, [2015-05-05T09:06:49.546123 #8088]  INFO -- AddDSCLogging-Windows2012R2: Finished converging <AddDSCLogging-Windows2012R2> (0m23.10s).
I, [2015-05-05T09:06:49.547123 #8088]  INFO -- AddDSCLogging-Windows2012R2: -----> Setting up <AddDSCLogging-Windows2012R2>...
I, [2015-05-05T09:06:49.551624 #8088]  INFO -- AddDSCLogging-Windows2012R2: Finished setting up <AddDSCLogging-Windows2012R2> (0m0.00s).
I, [2015-05-05T09:06:49.552124 #8088]  INFO -- AddDSCLogging-Windows2012R2: -----> Verifying <AddDSCLogging-Windows2012R2>...
I, [2015-05-05T09:06:49.556625 #8088]  INFO -- AddDSCLogging-Windows2012R2: Preparing files for transfer
I, [2015-05-05T09:06:49.834680 #8088]  INFO -- AddDSCLogging-Windows2012R2: Transferring files to <AddDSCLogging-Windows2012R2>
I, [2015-05-05T09:06:52.927299 #8088]  INFO -- AddDSCLogging-Windows2012R2: Executing all tests in 'C:\Users\Administrator\AppData\Local\Temp\verifier\suites\pester'Describing Windows Event Log Microsoft-Windows-DSC/Analytic
I, [2015-05-05T09:06:53.294872 #8088]  INFO -- AddDSCLogging-Windows2012R2:  [+] DSC Analytics Should be Enabled 782ms [+] DSC Operational Log Should be Enabled 115ms [+] DSC Operational Log Should have log mode set to AutoBackUp 22ms
I, [2015-05-05T09:06:53.295872 #8088]  INFO -- AddDSCLogging-Windows2012R2:  [-] DSC OperationLog Log should be empty 61ms
I, [2015-05-05T09:06:53.298373 #8088]  INFO -- AddDSCLogging-Windows2012R2:    Method invocation failed because [System.Diagnostics.Eventing.Reader.EventLogConfiguration] does not contain a method named 'ClearLog'.
I, [2015-05-05T09:06:53.298373 #8088]  INFO -- AddDSCLogging-Windows2012R2:    at line: 19 in C:\Users\Administrator\AppData\Local\Temp\verifier\suites\pester\AddDSCLogging.Tests.ps1
I, [2015-05-05T09:06:53.302374 #8088]  INFO -- AddDSCLogging-Windows2012R2:  [+] DSC Analytic Log Should not be empty 55msTests completed in 1.04s
I, [2015-05-05T09:06:53.302874 #8088]  INFO -- AddDSCLogging-Windows2012R2: Passed: 4 Failed: 1 Skipped: 0 Pending: 0
I, [2015-05-05T09:06:53.329879 #8088]  INFO -- AddDSCLogging-Windows2012R2: Finished verifying <AddDSCLogging-Windows2012R2> (0m3.77s).
I, [2015-05-05T09:06:53.331379 #8088]  INFO -- AddDSCLogging-Windows2012R2: -----> Destroying <AddDSCLogging-Windows2012R2>...
I, [2015-05-05T09:06:57.508215 #8088]  INFO -- AddDSCLogging-Windows2012R2: ==> default: Forcing shutdown of VM...
I, [2015-05-05T09:06:58.996012 #8088]  INFO -- AddDSCLogging-Windows2012R2: ==> default: Destroying VM and associated drives...
I, [2015-05-05T09:06:59.359882 #8088]  INFO -- AddDSCLogging-Windows2012R2: Vagrant instance <AddDSCLogging-Windows2012R2> destroyed.
I, [2015-05-05T09:06:59.359882 #8088]  INFO -- AddDSCLogging-Windows2012R2: Finished destroying <AddDSCLogging-Windows2012R2> (0m6.03s).
I, [2015-05-05T09:06:59.359882 #8088]  INFO -- AddDSCLogging-Windows2012R2: Finished testing <AddDSCLogging-Windows2012R2> (2m38.70s).
